Added Component: Designator=D1(SSD1306)
Added Pin To Net: NetName=GND Pin=D1-1
Added Pin To Net: NetName=NetC2_1 Pin=D1-2
Added Pin To Net: NetName=NetC2_2 Pin=D1-3
Added Pin To Net: NetName=NetC3_1 Pin=D1-4
Added Pin To Net: NetName=NetC3_2 Pin=D1-5
Added Pin To Net: NetName=GND Pin=D1-8
Added Pin To Net: NetName=+3.3ย_SSD Pin=D1-9
Added Pin To Net: NetName=GND Pin=D1-10
Added Pin To Net: NetName=+3.3ย_SSD Pin=D1-11
Added Pin To Net: NetName=GND Pin=D1-12
Added Pin To Net: NetName=GND Pin=D1-13
Added Pin To Net: NetName=NetC1_2 Pin=D1-14
Added Pin To Net: NetName=NetD1_15 Pin=D1-15
Added Pin To Net: NetName=GND Pin=D1-16
Added Pin To Net: NetName=GND Pin=D1-17
Added Pin To Net: NetName=SCL Pin=D1-18
Added Pin To Net: NetName=SDA Pin=D1-19
Added Pin To Net: NetName=SDA Pin=D1-20
Added Pin To Net: NetName=GND Pin=D1-21
Added Pin To Net: NetName=GND Pin=D1-22
Added Pin To Net: NetName=GND Pin=D1-23
Added Pin To Net: NetName=GND Pin=D1-24
Added Pin To Net: NetName=GND Pin=D1-25
Added Pin To Net: NetName=NetD1_26 Pin=D1-26
Added Pin To Net: NetName=NetC4_2 Pin=D1-27
Added Pin To Net: NetName=NetC5_2 Pin=D1-28
Added Pin To Net: NetName=GND Pin=D1-29
Added Pin To Net: NetName=GND Pin=D1-30
Change Net Name : Old Net Name=NetD4_73 New Net Name=NetC10_1
Added Member To Class: ClassName=ศาสั.685623.177 3 Member=Component D1 SSD1306 OLED
