Added Component: Designator=C1(0603)
Added Component: Designator=C2(0603)
Added Component: Designator=C3(0603)
Added Component: Designator=C4(0603)
Added Component: Designator=C5(0603)
Added Component: Designator=C6(0603)
Added Component: Designator=C7(0603)
Added Component: Designator=C8(0603)
Added Component: Designator=C9(0603)
Added Component: Designator=C11(0603)
Added Component: Designator=C12(0603)
Added Component: Designator=C13(0603)
Added Component: Designator=C14(0603)
Added Component: Designator=C15(0603)
Added Component: Designator=C16(0603)
Added Component: Designator=C17(0603)
Added Component: Designator=C18(0603)
Added Component: Designator=C19(EIA_603228)
Added Component: Designator=C20(EIA_603228)
Added Component: Designator=C21(EIA_603228)
Added Component: Designator=C22(0603)
Added Component: Designator=C23(0603)
Added Component: Designator=C24(0603)
Added Component: Designator=C25(EIA_603228)
Added Component: Designator=C26(EIA_603228)
Added Component: Designator=C27(EIA_603228)
Added Component: Designator=C28(0603)
Added Component: Designator=C29(0603)
Added Component: Designator=C30(0603)
Added Component: Designator=D1(SSD1306)
Added Component: Designator=D2(BMP180)
Added Component: Designator=D4(LQFP100)
Added Component: Designator=D5(SOT223-4N)
Added Component: Designator=D6(SOT223-4N)
Added Component: Designator=D7(SOT223-4N)
Added Component: Designator=R1(0603)
Added Component: Designator=R2(0603)
Added Component: Designator=R3(0603)
Added Component: Designator=R4(0603)
Added Component: Designator=R5(0603)
Added Component: Designator=R6(0603)
Added Component: Designator=R7(0603)
Added Component: Designator=R8(0603)
Added Component: Designator=R9(0603)
Added Component: Designator=R10(0603)
Added Component: Designator=R11(0603)
Added Component: Designator=R12(0603)
Added Component: Designator=R13(0603)
Added Component: Designator=R14(0603)
Added Component: Designator=R15(0603)
Added Component: Designator=R16(0603)
Added Component: Designator=SW1(0603)
Added Component: Designator=SW2(0603)
Added Component: Designator=SW3(0603)
Added Component: Designator=VD1(Led Diode 0805)
Added Component: Designator=X1(USB-ASM (DS1098-B))
Added Component: Designator=X2(PLC-10)
Added Component: Designator=Y1(HC-49SM)
Added Component: Designator=Y2(HC-49SM)
Added Component: Designator=Y3(HC-49SM)
Added Component: Designator=ั10(0603)
Added Pin To Net: NetName=+3.3ย_BMP Pin=C26-1
Added Pin To Net: NetName=+3.3ย_BMP Pin=C29-2
Added Pin To Net: NetName=+3.3ย_BMP Pin=D2-2
Added Pin To Net: NetName=+3.3ย_BMP Pin=D2-3
Added Pin To Net: NetName=+3.3ย_BMP Pin=D6-2
Added Net: Name=+3.3ย_BMP
Added Pin To Net: NetName=+3.3ย_SSD Pin=C27-1
Added Pin To Net: NetName=+3.3ย_SSD Pin=C30-2
Added Pin To Net: NetName=+3.3ย_SSD Pin=D1-9
Added Pin To Net: NetName=+3.3ย_SSD Pin=D1-11
Added Pin To Net: NetName=+3.3ย_SSD Pin=D7-2
Added Pin To Net: NetName=+3.3ย_SSD Pin=R2-1
Added Pin To Net: NetName=+3.3ย_SSD Pin=R3-1
Added Net: Name=+3.3ย_SSD
Added Pin To Net: NetName=+3.3ย Pin=C13-1
Added Pin To Net: NetName=+3.3ย Pin=C14-1
Added Pin To Net: NetName=+3.3ย Pin=C17-1
Added Pin To Net: NetName=+3.3ย Pin=C18-1
Added Pin To Net: NetName=+3.3ย Pin=C25-1
Added Pin To Net: NetName=+3.3ย Pin=C28-2
Added Pin To Net: NetName=+3.3ย Pin=D4-11
Added Pin To Net: NetName=+3.3ย Pin=D4-19
Added Pin To Net: NetName=+3.3ย Pin=D4-21
Added Pin To Net: NetName=+3.3ย Pin=D4-22
Added Pin To Net: NetName=+3.3ย Pin=D4-28
Added Pin To Net: NetName=+3.3ย Pin=D4-50
Added Pin To Net: NetName=+3.3ย Pin=D4-75
Added Pin To Net: NetName=+3.3ย Pin=D4-100
Added Pin To Net: NetName=+3.3ย Pin=D5-2
Added Pin To Net: NetName=+3.3ย Pin=R8-2
Added Pin To Net: NetName=+3.3ย Pin=R9-1
Added Pin To Net: NetName=+3.3ย Pin=R10-2
Added Pin To Net: NetName=+3.3ย Pin=R11-2
Added Pin To Net: NetName=+3.3ย Pin=R12-2
Added Pin To Net: NetName=+3.3ย Pin=R14-2
Added Pin To Net: NetName=+3.3ย Pin=R15-2
Added Pin To Net: NetName=+3.3ย Pin=R16-2
Added Net: Name=+3.3ย
Added Pin To Net: NetName=+5 Pin=C19-1
Added Pin To Net: NetName=+5 Pin=C20-1
Added Pin To Net: NetName=+5 Pin=C21-1
Added Pin To Net: NetName=+5 Pin=C22-2
Added Pin To Net: NetName=+5 Pin=C23-2
Added Pin To Net: NetName=+5 Pin=C24-2
Added Pin To Net: NetName=+5 Pin=D5-3
Added Pin To Net: NetName=+5 Pin=D6-3
Added Pin To Net: NetName=+5 Pin=D7-3
Added Pin To Net: NetName=+5 Pin=X1-1
Added Net: Name=+5
Added Pin To Net: NetName=GND Pin=C1-1
Added Pin To Net: NetName=GND Pin=C4-1
Added Pin To Net: NetName=GND Pin=C5-1
Added Pin To Net: NetName=GND Pin=C6-2
Added Pin To Net: NetName=GND Pin=C7-2
Added Pin To Net: NetName=GND Pin=C8-2
Added Pin To Net: NetName=GND Pin=C9-2
Added Pin To Net: NetName=GND Pin=C11-1
Added Pin To Net: NetName=GND Pin=C12-2
Added Pin To Net: NetName=GND Pin=C13-2
Added Pin To Net: NetName=GND Pin=C14-2
Added Pin To Net: NetName=GND Pin=C15-1
Added Pin To Net: NetName=GND Pin=C16-1
Added Pin To Net: NetName=GND Pin=C17-2
Added Pin To Net: NetName=GND Pin=C18-2
Added Pin To Net: NetName=GND Pin=C19-2
Added Pin To Net: NetName=GND Pin=C20-2
Added Pin To Net: NetName=GND Pin=C21-2
Added Pin To Net: NetName=GND Pin=C22-1
Added Pin To Net: NetName=GND Pin=C23-1
Added Pin To Net: NetName=GND Pin=C24-1
Added Pin To Net: NetName=GND Pin=C25-2
Added Pin To Net: NetName=GND Pin=C26-2
Added Pin To Net: NetName=GND Pin=C27-2
Added Pin To Net: NetName=GND Pin=C28-1
Added Pin To Net: NetName=GND Pin=C29-1
Added Pin To Net: NetName=GND Pin=C30-1
Added Pin To Net: NetName=GND Pin=D1-1
Added Pin To Net: NetName=GND Pin=D1-8
Added Pin To Net: NetName=GND Pin=D1-10
Added Pin To Net: NetName=GND Pin=D1-12
Added Pin To Net: NetName=GND Pin=D1-13
Added Pin To Net: NetName=GND Pin=D1-16
Added Pin To Net: NetName=GND Pin=D1-17
Added Pin To Net: NetName=GND Pin=D1-21
Added Pin To Net: NetName=GND Pin=D1-22
Added Pin To Net: NetName=GND Pin=D1-23
Added Pin To Net: NetName=GND Pin=D1-24
Added Pin To Net: NetName=GND Pin=D1-25
Added Pin To Net: NetName=GND Pin=D1-29
Added Pin To Net: NetName=GND Pin=D1-30
Added Pin To Net: NetName=GND Pin=D2-7
Added Pin To Net: NetName=GND Pin=D4-10
Added Pin To Net: NetName=GND Pin=D4-20
Added Pin To Net: NetName=GND Pin=D4-27
Added Pin To Net: NetName=GND Pin=D4-74
Added Pin To Net: NetName=GND Pin=D4-99
Added Pin To Net: NetName=GND Pin=D5-1
Added Pin To Net: NetName=GND Pin=D6-1
Added Pin To Net: NetName=GND Pin=D7-1
Added Pin To Net: NetName=GND Pin=R1-2
Added Pin To Net: NetName=GND Pin=R4-2
Added Pin To Net: NetName=GND Pin=R5-2
Added Pin To Net: NetName=GND Pin=R7-1
Added Pin To Net: NetName=GND Pin=R13-2
Added Pin To Net: NetName=GND Pin=SW1-1
Added Pin To Net: NetName=GND Pin=SW2-1
Added Pin To Net: NetName=GND Pin=SW3-1
Added Pin To Net: NetName=GND Pin=VD1-K
Added Pin To Net: NetName=GND Pin=X1-4
Added Pin To Net: NetName=GND Pin=X2-7
Added Pin To Net: NetName=GND Pin=X2-8
Added Pin To Net: NetName=GND Pin=X2-9
Added Pin To Net: NetName=GND Pin=X2-10
Added Pin To Net: NetName=GND Pin=ั10-2
Added Net: Name=GND
Added Pin To Net: NetName=NetC1_2 Pin=C1-2
Added Pin To Net: NetName=NetC1_2 Pin=D1-14
Added Pin To Net: NetName=NetC1_2 Pin=R2-2
Added Net: Name=NetC1_2
Added Pin To Net: NetName=NetC2_1 Pin=C2-1
Added Pin To Net: NetName=NetC2_1 Pin=D1-2
Added Net: Name=NetC2_1
Added Pin To Net: NetName=NetC2_2 Pin=C2-2
Added Pin To Net: NetName=NetC2_2 Pin=D1-3
Added Net: Name=NetC2_2
Added Pin To Net: NetName=NetC3_1 Pin=C3-1
Added Pin To Net: NetName=NetC3_1 Pin=D1-4
Added Net: Name=NetC3_1
Added Pin To Net: NetName=NetC3_2 Pin=C3-2
Added Pin To Net: NetName=NetC3_2 Pin=D1-5
Added Net: Name=NetC3_2
Added Pin To Net: NetName=NetC4_2 Pin=C4-2
Added Pin To Net: NetName=NetC4_2 Pin=D1-27
Added Net: Name=NetC4_2
Added Pin To Net: NetName=NetC5_2 Pin=C5-2
Added Pin To Net: NetName=NetC5_2 Pin=D1-28
Added Net: Name=NetC5_2
Added Pin To Net: NetName=NetC6_1 Pin=C6-1
Added Pin To Net: NetName=NetC6_1 Pin=Y1-2
Added Net: Name=NetC6_1
Added Pin To Net: NetName=NetC7_1 Pin=C7-1
Added Pin To Net: NetName=NetC7_1 Pin=Y1-1
Added Net: Name=NetC7_1
Added Pin To Net: NetName=NetC8_1 Pin=C8-1
Added Pin To Net: NetName=NetC8_1 Pin=D4-12
Added Pin To Net: NetName=NetC8_1 Pin=R6-2
Added Pin To Net: NetName=NetC8_1 Pin=Y2-2
Added Net: Name=NetC8_1
Added Pin To Net: NetName=NetC9_1 Pin=C9-1
Added Pin To Net: NetName=NetC9_1 Pin=D4-13
Added Pin To Net: NetName=NetC9_1 Pin=R6-1
Added Pin To Net: NetName=NetC9_1 Pin=Y2-1
Added Net: Name=NetC9_1
Added Pin To Net: NetName=NetC12_1 Pin=C12-1
Added Pin To Net: NetName=NetC12_1 Pin=D4-49
Added Net: Name=NetC12_1
Added Pin To Net: NetName=NetC15_2 Pin=C15-2
Added Pin To Net: NetName=NetC15_2 Pin=D4-8
Added Pin To Net: NetName=NetC15_2 Pin=Y3-2
Added Net: Name=NetC15_2
Added Pin To Net: NetName=NetC16_2 Pin=C16-2
Added Pin To Net: NetName=NetC16_2 Pin=D4-9
Added Pin To Net: NetName=NetC16_2 Pin=Y3-1
Added Net: Name=NetC16_2
Added Pin To Net: NetName=NetD1_15 Pin=D1-15
Added Pin To Net: NetName=NetD1_15 Pin=R1-1
Added Pin To Net: NetName=NetD1_15 Pin=R3-2
Added Net: Name=NetD1_15
Added Pin To Net: NetName=NetD1_26 Pin=D1-26
Added Pin To Net: NetName=NetD1_26 Pin=R4-1
Added Net: Name=NetD1_26
Added Pin To Net: NetName=NetD3_5 Pin=X1-3
Added Net: Name=NetD3_5
Added Pin To Net: NetName=NetD3_6 Pin=X1-2
Added Net: Name=NetD3_6
Added Pin To Net: NetName=NetD4_2 Pin=D4-2
Added Pin To Net: NetName=NetD4_2 Pin=SW1-2
Added Net: Name=NetD4_2
Added Pin To Net: NetName=NetD4_3 Pin=D4-3
Added Pin To Net: NetName=NetD4_3 Pin=SW2-2
Added Net: Name=NetD4_3
Added Pin To Net: NetName=NetD4_37 Pin=D4-37
Added Pin To Net: NetName=NetD4_37 Pin=R7-2
Added Net: Name=NetD4_37
Added Pin To Net: NetName=NetD4_73 Pin=D4-73
Added Pin To Net: NetName=NetD4_73 Pin=ั10-1
Added Net: Name=NetD4_73
Added Pin To Net: NetName=NetD4_94 Pin=D4-94
Added Pin To Net: NetName=NetD4_94 Pin=R5-1
Added Net: Name=NetD4_94
Added Pin To Net: NetName=NetR9_2 Pin=R9-2
Added Pin To Net: NetName=NetR9_2 Pin=VD1-A
Added Net: Name=NetR9_2
Added Pin To Net: NetName=RST Pin=C11-2
Added Pin To Net: NetName=RST Pin=D4-14
Added Pin To Net: NetName=RST Pin=R8-1
Added Pin To Net: NetName=RST Pin=SW3-2
Added Pin To Net: NetName=RST Pin=X2-6
Added Net: Name=RST
Added Pin To Net: NetName=RxD Pin=D4-68
Added Net: Name=RxD
Added Pin To Net: NetName=SCL Pin=D1-18
Added Pin To Net: NetName=SCL Pin=D2-5
Added Pin To Net: NetName=SCL Pin=D4-92
Added Pin To Net: NetName=SCL Pin=R11-1
Added Net: Name=SCL
Added Pin To Net: NetName=SDA Pin=D1-19
Added Pin To Net: NetName=SDA Pin=D1-20
Added Pin To Net: NetName=SDA Pin=D2-6
Added Pin To Net: NetName=SDA Pin=D4-93
Added Pin To Net: NetName=SDA Pin=R10-1
Added Net: Name=SDA
Added Pin To Net: NetName=TCK Pin=D4-76
Added Pin To Net: NetName=TCK Pin=R13-1
Added Pin To Net: NetName=TCK Pin=X2-4
Added Net: Name=TCK
Added Pin To Net: NetName=TDI Pin=D4-77
Added Pin To Net: NetName=TDI Pin=R15-1
Added Pin To Net: NetName=TDI Pin=X2-2
Added Net: Name=TDI
Added Pin To Net: NetName=TDO Pin=D4-89
Added Pin To Net: NetName=TDO Pin=R12-1
Added Pin To Net: NetName=TDO Pin=X2-5
Added Net: Name=TDO
Added Pin To Net: NetName=TMS Pin=D4-72
Added Pin To Net: NetName=TMS Pin=R14-1
Added Pin To Net: NetName=TMS Pin=X2-3
Added Net: Name=TMS
Added Pin To Net: NetName=TRST Pin=D4-90
Added Pin To Net: NetName=TRST Pin=R16-1
Added Pin To Net: NetName=TRST Pin=X2-1
Added Net: Name=TRST
Added Pin To Net: NetName=TxD Pin=D4-69
Added Net: Name=TxD
Added Class: Name=ศาสั.685623.177 3
